make all --print-data-base --no-builtin-variables --no-builtin-rules --question
make: *** No rule to make target 'all'.  Stop.
 
# GNU Make 4.3
# Built for x86_64-pc-linux-gnu
# Copyright (C) 1988-2020 Free Software Foundation, Inc.
# License GPLv3+: GNU GPL version 3 or later <http://gnu.org/licenses/gpl.html>
# This is free software: you are free to change and redistribute it.
# There is NO WARRANTY, to the extent permitted by law.

# Make data base, printed on Fri Nov 12 22:22:29 2021

# Variables

# environment
GDK_BACKEND = x11
# environment
LC_ALL = C
# environment
VSCODE_IPC_HOOK_EXTHOST = /run/user/1000/vscode-ipc-330677cf-5848-4ca9-8652-64135236de8c.sock
# environment
MANDATORY_PATH = /usr/share/gconf/cutefish-xsession.mandatory.path
# environment
LC_NAME = en_IN
# environment
LC_NUMERIC = en_US.UTF-8
# environment
VSCODE_CWD = /home/romeah
# environment
NVM_DIR = /home/romeah/.config/nvm
# environment
LC_ADDRESS = en_IN
# default
MAKE_COMMAND := make
# environment
QT_ACCESSIBILITY = 1
# automatic
@D = $(patsubst %/,%,$(dir $@))
# environment
GDK_DPI_SCALE = 1
# environment
VSCODE_HANDLES_UNCAUGHT_ERRORS = true
# default
.VARIABLES := 
# environment
PWD = /home/romeah/Desktop/blazex
# automatic
%D = $(patsubst %/,%,$(dir $%))
# environment
XDG_DATA_DIRS = /usr/share/cutefish-xsession:/usr/local/share/:/usr/share/
# automatic
^D = $(patsubst %/,%,$(dir $^))
# environment
VSCODE_LOG_STACK = false
# automatic
%F = $(notdir $%)
# environment
NVM_INC = /home/romeah/.config/nvm/versions/node/v15.0.0/include/node
# environment
VSCODE_CODE_CACHE_PATH = /home/romeah/.config/Code/CachedData/6cba118ac49a1b88332f312a8f67186f7f3c1643
# environment
XDG_SESSION_PATH = /org/freedesktop/DisplayManager/Session0
# environment
LANG = C
# environment
XAUTHORITY = /home/romeah/.Xauthority
# default
.LOADED := 
# default
.INCLUDE_DIRS = /usr/local/include /usr/include /usr/include
# makefile
MAKEFLAGS = pqrR
# makefile
CURDIR := /home/romeah/Desktop/blazex
# environment
VSCODE_PIPE_LOGGING = true
# environment
APPLICATION_INSIGHTS_NO_DIAGNOSTIC_CHANNEL = true
# environment
LESSOPEN = | /usr/bin/lesspipe %s
# automatic
*D = $(patsubst %/,%,$(dir $*))
# environment
MFLAGS = -pqrR
# environment
SSH_AUTH_SOCK = /tmp/ssh-xVIdWrH4jTAP/agent.743
# default
.SHELLFLAGS := -c
# environment
NVM_BIN = /home/romeah/.config/nvm/versions/node/v15.0.0/bin
# environment
XDG_CONFIG_DIRS = /etc/xdg/xdg-cutefish-xsession:/etc/xdg
# automatic
+D = $(patsubst %/,%,$(dir $+))
# environment
VSCODE_CRASH_REPORTER_START_OPTIONS = {"companyName":"Microsoft","productName":"VSCode","submitURL":"appcenter://code?aid=fba07a4d-84bd-4fc8-a125-9640fc8ce171&uid=3d68ac4c-8afc-4903-ba9c-a0b26ae10084&iid=3d68ac4c-8afc-4903-ba9c-a0b26ae10084&sid=3d68ac4c-8afc-4903-ba9c-a0b26ae10084","uploadToServer":true}
# environment
XDG_SESSION_DESKTOP = Cutefish
# makefile (from 'Makefile', line 1)
MAKEFILE_LIST := Makefile
# automatic
@F = $(notdir $@)
# environment
LC_COLLATE = en_US.UTF-8
# environment
VSCODE_VERBOSE_LOGGING = true
# environment
VSCODE_PID = 4220
# environment
XDG_SESSION_TYPE = x11
# automatic
?D = $(patsubst %/,%,$(dir $?))
# environment
XDG_DATA_HOME = /home/romeah/.local/share
# environment
SESSION_MANAGER = 
# automatic
*F = $(notdir $*)
# environment
QT_QPA_PLATFORMTHEME = cutefish
# environment
CHROME_DESKTOP = code-url-handler.desktop
# environment
DBUS_SESSION_BUS_ADDRESS = unix:path=/run/user/1000/bus
# automatic
<D = $(patsubst %/,%,$(dir $<))
# makefile (from 'Makefile', line 3)
PLATFORM := Linux x86_64
# environment
VSCODE_NLS_CONFIG = {"locale":"en-us","availableLanguages":{},"_languagePackSupport":true}
# environment
BREAKPAD_DUMP_LOCATION = /home/romeah/.config/Code/exthost Crash Reports
# default
MAKE_HOST := x86_64-pc-linux-gnu
# makefile
SHELL = /bin/sh
# default
MAKECMDGOALS := all
# environment
QT_QPA_PLATFORM = xcb
# environment
SHLVL = 0
# environment
MAKELEVEL := 0
# default
MAKE = $(MAKE_COMMAND)
# environment
PATH = /home/romeah/.config/nvm/versions/node/v15.0.0/bin:/home/romeah/.cargo/bin:/usr/local/sbin:/usr/local/bin:/usr/sbin:/usr/bin:/sbin:/bin:/usr/games:/usr/local/games:/snap/bin
# default
MAKEFILES := 
# environment
LANGUAGE = en_US
# environment
LC_MONETARY = en_US.UTF-8
# automatic
^F = $(notdir $^)
# environment
LC_TIME = en_US.UTF-8
# environment
XDG_CONFIG_HOME = /home/romeah/.config
# environment
VSCODE_LOG_NATIVE = false
# environment
LC_TELEPHONE = en_IN
# environment
LESSCLOSE = /usr/bin/lesspipe %s %s
# environment
GDK_SCALE = 1
# automatic
?F = $(notdir $?)
# environment
XDG_SEAT = seat0
# environment
XDG_CURRENT_DESKTOP = Cutefish
# environment
LS_COLORS = 
# automatic
+F = $(notdir $+)
# environment
XDG_SEAT_PATH = /org/freedesktop/DisplayManager/Seat0
# environment
DESKTOP_SESSION = Cutefish
# environment
ORIGINAL_XDG_CURRENT_DESKTOP = Cutefish
# 'override' directive
GNUMAKEFLAGS := 
# environment
QT_SCREEN_SCALE_FACTORS = 1
# environment
LOGNAME = romeah
# environment
XDG_VTNR = 1
# makefile
.DEFAULT_GOAL := build
# environment
DISPLAY = :0
# environment
USER = romeah
# environment
DEFAULTS_PATH = /usr/share/gconf/cutefish-xsession.default.path
# default
MAKE_VERSION := 4.3
# 'override' directive
.SHELLSTATUS := 0
# environment
XDG_DESKTOP_DIR = /Desktop
# environment
LC_MEASUREMENT = en_US.UTF-8
# environment
SSH_AGENT_PID = 812
# environment
_ = /usr/share/code/code
# environment
LC_PAPER = en_IN
# environment
XDG_RUNTIME_DIR = /run/user/1000
# environment
GPG_AGENT_INFO = /run/user/1000/gnupg/S.gpg-agent:0:1
# environment
LC_CTYPE = en_US.UTF-8
# environment
QT_PLATFORM_PLUGIN = cutefish
# environment
NVM_CD_FLAGS = 
# environment
XDG_SESSION_CLASS = user
# environment
VSCODE_AMD_ENTRYPOINT = vs/workbench/services/extensions/node/extensionHostProcess
# environment
HOME = /home/romeah
# environment
ELECTRON_RUN_AS_NODE = 1
# environment
VSCODE_IPC_HOOK = /run/user/1000/vscode-f3d16bf9-1.61.2-main.sock
# environment
XDG_SESSION_ID = 1
# default
.RECIPEPREFIX := 
# automatic
<F = $(notdir $<)
# default
SUFFIXES := 
# makefile (from 'Makefile', line 14)
TARGET := x86_64-unknown-linux-gnu
# environment
XDG_CACHE_HOME = /home/romeah/.cache
# environment
QT_AUTO_SCREEN_SCALE_FACTOR = 0
# default
.FEATURES := target-specific order-only second-expansion else-if shortest-stem undefine oneshell nocomment grouped-target extra-prereqs archives jobserver output-sync check-symlink load
# environment
LC_IDENTIFICATION = en_IN
# variable set hash-table stats:
# Load=119/1024=12%, Rehash=0, Collisions=8/176=5%

# Pattern-specific Variable Values

# No pattern-specific variable values.

# Directories

# . (device 2050, inode 28330961): 17 files, no impossibilities.

# 17 files, no impossibilities in 1 directories.

# Implicit Rules

# No implicit rules.

# Files

# Not a target:
Makefile:
#  Implicit rule search has been done.
#  Last modified 2021-11-11 23:01:40.178259508
#  File has been updated.
#  Successfully updated.

# Not a target:
.DEFAULT:
#  Implicit rule search has not been done.
#  Modification time never checked.
 
#  File has not been updated.

# Not a target:
all:
#  Command line target.
#  Implicit rule search has been done.
#  File does not exist.
#  File has not been updated.

build:
#  Phony target (prerequisite of .PHONY).
#  Implicit rule search has not been done.
#  File does not exist.
#  File has not been updated.
#  recipe to execute (from 'Makefile', line 19):
	cargo install llvmenv	
	llvmenv build-entry 11.0.0
	cargo build --locked --target $(TARGET) --release
	@rm -r "./bin/blazex$(EXTENSION)"
	cp "./target/$(TARGET)/release/blazex$(EXTENSION)" "./bin/blazex$(EXTENSION)"
	strip "./bin/blazex$(EXTENSION)"

.PHONY: build
#  Implicit rule search has not been done.
#  Modification time never checked.
#  File has not been updated.

# files hash-table stats:
# Load=6/1024=1%, Rehash=0, Collisions=0/18=0%
# VPATH Search Paths

# No 'vpath' search paths.

# No general ('VPATH' variable) search path.

# strcache buffers: 1 (0) / strings = 24 / storage = 202 B / avg = 8 B
# current buf: size = 8162 B / used = 202 B / count = 24 / avg = 8 B

# strcache performance: lookups = 31 / hit rate = 22%
# hash-table stats:
# Load=24/8192=0%, Rehash=0, Collisions=0/31=0%
# Finished Make data base on Fri Nov 12 22:22:31 2021

 
